2018-01-17 16:40:04,004 [http-bio-8090-exec-9] ERROR StackTrace  - Full Stack Trace:
grails.validation.ValidationException: Validation Error(s) occurred during save():
- Field error in object 'controllerself.Contact' on field 'phoneNumber': rejected value [ttttt]; codes [controllerself.Contact.phoneNumber.typeMismatch.error,controllerself.Contact.phoneNumber.typeMismatch,contact.phoneNumber.typeMismatch.error,contact.phoneNumber.typeMismatch,typeMismatch.controllerself.Contact.phoneNumber,typeMismatch.phoneNumber,typeMismatch.java.lang.Integer,typeMismatch]; arguments [phoneNumber]; default message [Unable to parse number [ttttt]]

	at org.codehaus.groovy.grails.orm.hibernate.metaclass.AbstractSavePersistentMethod.doInvokeInternal(AbstractSavePersistentMethod.java:190)
	at org.codehaus.groovy.grails.orm.hibernate.metaclass.AbstractDynamicPersistentMethod.invoke(AbstractDynamicPersistentMethod.java:68)
	at org.codehaus.groovy.grails.orm.hibernate.HibernateGormInstanceApi.save(HibernateGormInstanceApi.groovy:195)
	at controllerself.Contact.save(Contact.groovy)
	at controllerself.Contact$save$0.call(Unknown Source)
	at controllerself.ContactController$_closure3.doCall(ContactController.groovy:11)
	at controllerself.ContactController$_closure3.doCall(ContactController.groovy)
	at sun.reflect.NativeMethodAccessorImpl.invoke0(Native Method)
	at sun.reflect.NativeMethodAccessorImpl.invoke(NativeMethodAccessorImpl.java:62)
	at sun.reflect.DelegatingMethodAccessorImpl.invoke(DelegatingMethodAccessorImpl.java:43)
	at java.lang.reflect.Method.invoke(Method.java:498)
	at org.springsource.loaded.ri.ReflectiveInterceptor.jlrMethodInvoke(ReflectiveInterceptor.java:1270)
	at org.codehaus.groovy.reflection.CachedMethod.invoke(CachedMethod.java:90)
	at groovy.lang.MetaMethod.doMethodInvoke(MetaMethod.java:324)
	at groovy.lang.MetaClassImpl.invokeMethod(MetaClassImpl.java:1207)
	at groovy.lang.ExpandoMetaClass.invokeMethod(ExpandoMetaClass.java:1110)
	at groovy.lang.MetaClassImpl.invokeMethod(MetaClassImpl.java:1016)
	at groovy.lang.Closure.call(Closure.java:423)
	at controllerself.ContactController$_closure3.call(ContactController.groovy)
	at groovy.lang.Closure.call(Closure.java:417)
	at controllerself.ContactController$_closure3.call(ContactController.groovy)
	at controllerself.ContactController.save(ContactController.groovy)
	at sun.reflect.NativeMethodAccessorImpl.invoke0(Native Method)
	at sun.reflect.NativeMethodAccessorImpl.invoke(NativeMethodAccessorImpl.java:62)
	at sun.reflect.DelegatingMethodAccessorImpl.invoke(DelegatingMethodAccessorImpl.java:43)
	at java.lang.reflect.Method.invoke(Method.java:498)
	at org.springsource.loaded.ri.ReflectiveInterceptor.jlrMethodInvoke(ReflectiveInterceptor.java:1270)
	at org.codehaus.groovy.grails.web.servlet.mvc.MixedGrailsControllerHelper.invoke(MixedGrailsControllerHelper.java:154)
	at org.codehaus.groovy.grails.web.servlet.mvc.AbstractGrailsControllerHelper.handleAction(AbstractGrailsControllerHelper.java:375)
	at org.codehaus.groovy.grails.web.servlet.mvc.AbstractGrailsControllerHelper.executeAction(AbstractGrailsControllerHelper.java:252)
	at org.codehaus.groovy.grails.web.servlet.mvc.AbstractGrailsControllerHelper.handleURI(AbstractGrailsControllerHelper.java:205)
	at org.codehaus.groovy.grails.web.servlet.mvc.AbstractGrailsControllerHelper.handleURI(AbstractGrailsControllerHelper.java:126)
	at org.codehaus.groovy.grails.web.servlet.mvc.SimpleGrailsController.handleRequest(SimpleGrailsController.java:72)
	at org.springframework.web.servlet.mvc.SimpleControllerHandlerAdapter.handle(SimpleControllerHandlerAdapter.java:50)
	at org.codehaus.groovy.grails.web.servlet.GrailsDispatcherServlet.doDispatch(GrailsDispatcherServlet.java:347)
	at org.springframework.web.servlet.DispatcherServlet.doService(DispatcherServlet.java:870)
	at org.springframework.web.servlet.FrameworkServlet.processRequest(FrameworkServlet.java:961)
	at org.springframework.web.servlet.FrameworkServlet.doPost(FrameworkServlet.java:863)
	at javax.servlet.http.HttpServlet.service(HttpServlet.java:646)
	at org.springframework.web.servlet.FrameworkServlet.service(FrameworkServlet.java:837)
	at javax.servlet.http.HttpServlet.service(HttpServlet.java:727)
	at org.apache.catalina.core.ApplicationFilterChain.internalDoFilter(ApplicationFilterChain.java:303)
	at org.apache.catalina.core.ApplicationFilterChain.doFilter(ApplicationFilterChain.java:208)
	at org.apache.tomcat.websocket.server.WsFilter.doFilter(WsFilter.java:52)
	at org.apache.catalina.core.ApplicationFilterChain.internalDoFilter(ApplicationFilterChain.java:241)
	at org.apache.catalina.core.ApplicationFilterChain.doFilter(ApplicationFilterChain.java:208)
	at grails.plugin.cache.web.filter.PageFragmentCachingFilter.doFilter(PageFragmentCachingFilter.java:198)
	at grails.plugin.cache.web.filter.AbstractFilter.doFilter(AbstractFilter.java:63)
	at org.springframework.web.filter.DelegatingFilterProxy.invokeDelegate(DelegatingFilterProxy.java:344)
	at org.springframework.web.filter.DelegatingFilterProxy.doFilter(DelegatingFilterProxy.java:261)
	at org.apache.catalina.core.ApplicationFilterChain.internalDoFilter(ApplicationFilterChain.java:241)
	at org.apache.catalina.core.ApplicationFilterChain.doFilter(ApplicationFilterChain.java:208)
	at org.springframework.web.filter.OncePerRequestFilter.doFilter(OncePerRequestFilter.java:101)
	at org.apache.catalina.core.ApplicationFilterChain.internalDoFilter(ApplicationFilterChain.java:241)
	at org.apache.catalina.core.ApplicationFilterChain.doFilter(ApplicationFilterChain.java:208)
	at org.springframework.web.filter.OncePerRequestFilter.doFilter(OncePerRequestFilter.java:101)
	at org.apache.catalina.core.ApplicationFilterChain.internalDoFilter(ApplicationFilterChain.java:241)
	at org.apache.catalina.core.ApplicationFilterChain.doFilter(ApplicationFilterChain.java:208)
	at org.springframework.web.filter.OncePerRequestFilter.doFilter(OncePerRequestFilter.java:101)
	at org.apache.catalina.core.ApplicationFilterChain.internalDoFilter(ApplicationFilterChain.java:241)
	at org.apache.catalina.core.ApplicationFilterChain.doFilter(ApplicationFilterChain.java:208)
	at org.apache.catalina.core.ApplicationDispatcher.invoke(ApplicationDispatcher.java:748)
	at org.apache.catalina.core.ApplicationDispatcher.processRequest(ApplicationDispatcher.java:486)
	at org.apache.catalina.core.ApplicationDispatcher.doForward(ApplicationDispatcher.java:411)
	at org.apache.catalina.core.ApplicationDispatcher.forward(ApplicationDispatcher.java:338)
	at org.codehaus.groovy.grails.web.mapping.UrlMappingUtils.forwardRequestForUrlMappingInfo(UrlMappingUtils.java:178)
	at org.codehaus.groovy.grails.web.mapping.UrlMappingUtils.forwardRequestForUrlMappingInfo(UrlMappingUtils.java:144)
	at org.codehaus.groovy.grails.web.mapping.UrlMappingUtils.forwardRequestForUrlMappingInfo(UrlMappingUtils.java:135)
	at org.codehaus.groovy.grails.web.mapping.filter.UrlMappingsFilter.doFilterInternal(UrlMappingsFilter.java:216)
	at org.springframework.web.filter.OncePerRequestFilter.doFilter(OncePerRequestFilter.java:107)
	at org.apache.catalina.core.ApplicationFilterChain.internalDoFilter(ApplicationFilterChain.java:241)
	at org.apache.catalina.core.ApplicationFilterChain.doFilter(ApplicationFilterChain.java:208)
	at org.codehaus.groovy.grails.web.servlet.mvc.GrailsWebRequestFilter.doFilterInternal(GrailsWebRequestFilter.java:69)
	at org.springframework.web.filter.OncePerRequestFilter.doFilter(OncePerRequestFilter.java:107)
	at org.apache.catalina.core.ApplicationFilterChain.internalDoFilter(ApplicationFilterChain.java:241)
	at org.apache.catalina.core.ApplicationFilterChain.doFilter(ApplicationFilterChain.java:208)
	at org.codehaus.groovy.grails.web.filters.HiddenHttpMethodFilter.doFilterInternal(HiddenHttpMethodFilter.java:67)
	at org.springframework.web.filter.OncePerRequestFilter.doFilter(OncePerRequestFilter.java:107)
	at org.apache.catalina.core.ApplicationFilterChain.internalDoFilter(ApplicationFilterChain.java:241)
	at org.apache.catalina.core.ApplicationFilterChain.doFilter(ApplicationFilterChain.java:208)
	at org.springframework.web.filter.CharacterEncodingFilter.doFilterInternal(CharacterEncodingFilter.java:88)
	at org.springframework.web.filter.OncePerRequestFilter.doFilter(OncePerRequestFilter.java:107)
	at org.springframework.web.filter.DelegatingFilterProxy.invokeDelegate(DelegatingFilterProxy.java:344)
	at org.springframework.web.filter.DelegatingFilterProxy.doFilter(DelegatingFilterProxy.java:261)
	at org.apache.catalina.core.ApplicationFilterChain.internalDoFilter(ApplicationFilterChain.java:241)
	at org.apache.catalina.core.ApplicationFilterChain.doFilter(ApplicationFilterChain.java:208)
	at org.apache.catalina.core.StandardWrapperValve.invoke(StandardWrapperValve.java:220)
	at org.apache.catalina.core.StandardContextValve.invoke(StandardContextValve.java:122)
	at org.apache.catalina.core.StandardHostValve.invoke(StandardHostValve.java:171)
	at org.apache.catalina.valves.ErrorReportValve.invoke(ErrorReportValve.java:103)
	at org.apache.catalina.core.StandardEngineValve.invoke(StandardEngineValve.java:116)
	at org.apache.catalina.connector.CoyoteAdapter.service(CoyoteAdapter.java:408)
	at org.apache.coyote.http11.AbstractHttp11Processor.process(AbstractHttp11Processor.java:1070)
	at org.apache.coyote.AbstractProtocol$AbstractConnectionHandler.process(AbstractProtocol.java:611)
	at org.apache.tomcat.util.net.JIoEndpoint$SocketProcessor.run(JIoEndpoint.java:316)
	at java.util.concurrent.ThreadPoolExecutor.runWorker(ThreadPoolExecutor.java:1149)
	at java.util.concurrent.ThreadPoolExecutor$Worker.run(ThreadPoolExecutor.java:624)
	at org.apache.tomcat.util.threads.TaskThread$WrappingRunnable.run(TaskThread.java:61)
	at java.lang.Thread.run(Thread.java:748)
2018-01-17 16:40:04,096 [http-bio-8090-exec-9] ERROR StackTrace  - Full Stack Trace:
grails.validation.ValidationException: Validation Error(s) occurred during save():
- Field error in object 'controllerself.Contact' on field 'phoneNumber': rejected value [ttttt]; codes [controllerself.Contact.phoneNumber.typeMismatch.error,controllerself.Contact.phoneNumber.typeMismatch,contact.phoneNumber.typeMismatch.error,contact.phoneNumber.typeMismatch,typeMismatch.controllerself.Contact.phoneNumber,typeMismatch.phoneNumber,typeMismatch.java.lang.Integer,typeMismatch]; arguments [phoneNumber]; default message [Unable to parse number [ttttt]]

	at controllerself.ContactController$_closure3.doCall(ContactController.groovy:11)
	at grails.plugin.cache.web.filter.PageFragmentCachingFilter.doFilter(PageFragmentCachingFilter.java:198)
	at grails.plugin.cache.web.filter.AbstractFilter.doFilter(AbstractFilter.java:63)
	at java.util.concurrent.ThreadPoolExecutor.runWorker(ThreadPoolExecutor.java:1149)
	at java.util.concurrent.ThreadPoolExecutor$Worker.run(ThreadPoolExecutor.java:624)
	at java.lang.Thread.run(Thread.java:748)
2018-01-17 16:40:04,137 [http-bio-8090-exec-9] ERROR StackTrace  - Full Stack Trace:
grails.validation.ValidationException: Validation Error(s) occurred during save():
- Field error in object 'controllerself.Contact' on field 'phoneNumber': rejected value [ttttt]; codes [controllerself.Contact.phoneNumber.typeMismatch.error,controllerself.Contact.phoneNumber.typeMismatch,contact.phoneNumber.typeMismatch.error,contact.phoneNumber.typeMismatch,typeMismatch.controllerself.Contact.phoneNumber,typeMismatch.phoneNumber,typeMismatch.java.lang.Integer,typeMismatch]; arguments [phoneNumber]; default message [Unable to parse number [ttttt]]

	at controllerself.ContactController$_closure3.doCall(ContactController.groovy:11)
	at grails.plugin.cache.web.filter.PageFragmentCachingFilter.doFilter(PageFragmentCachingFilter.java:198)
	at grails.plugin.cache.web.filter.AbstractFilter.doFilter(AbstractFilter.java:63)
	at java.util.concurrent.ThreadPoolExecutor.runWorker(ThreadPoolExecutor.java:1149)
	at java.util.concurrent.ThreadPoolExecutor$Worker.run(ThreadPoolExecutor.java:624)
	at java.lang.Thread.run(Thread.java:748)
2018-01-17 16:40:04,137 [http-bio-8090-exec-9] ERROR StackTrace  - Full Stack Trace:
grails.validation.ValidationException: Validation Error(s) occurred during save():
- Field error in object 'controllerself.Contact' on field 'phoneNumber': rejected value [ttttt]; codes [controllerself.Contact.phoneNumber.typeMismatch.error,controllerself.Contact.phoneNumber.typeMismatch,contact.phoneNumber.typeMismatch.error,contact.phoneNumber.typeMismatch,typeMismatch.controllerself.Contact.phoneNumber,typeMismatch.phoneNumber,typeMismatch.java.lang.Integer,typeMismatch]; arguments [phoneNumber]; default message [Unable to parse number [ttttt]]

	at controllerself.ContactController$_closure3.doCall(ContactController.groovy:11)
	at grails.plugin.cache.web.filter.PageFragmentCachingFilter.doFilter(PageFragmentCachingFilter.java:198)
	at grails.plugin.cache.web.filter.AbstractFilter.doFilter(AbstractFilter.java:63)
	at java.util.concurrent.ThreadPoolExecutor.runWorker(ThreadPoolExecutor.java:1149)
	at java.util.concurrent.ThreadPoolExecutor$Worker.run(ThreadPoolExecutor.java:624)
	at java.lang.Thread.run(Thread.java:748)
2018-01-17 16:40:04,137 [http-bio-8090-exec-9] ERROR StackTrace  - Full Stack Trace:
grails.validation.ValidationException: Validation Error(s) occurred during save():
- Field error in object 'controllerself.Contact' on field 'phoneNumber': rejected value [ttttt]; codes [controllerself.Contact.phoneNumber.typeMismatch.error,controllerself.Contact.phoneNumber.typeMismatch,contact.phoneNumber.typeMismatch.error,contact.phoneNumber.typeMismatch,typeMismatch.controllerself.Contact.phoneNumber,typeMismatch.phoneNumber,typeMismatch.java.lang.Integer,typeMismatch]; arguments [phoneNumber]; default message [Unable to parse number [ttttt]]

	at controllerself.ContactController$_closure3.doCall(ContactController.groovy:11)
	at grails.plugin.cache.web.filter.PageFragmentCachingFilter.doFilter(PageFragmentCachingFilter.java:198)
	at grails.plugin.cache.web.filter.AbstractFilter.doFilter(AbstractFilter.java:63)
	at java.util.concurrent.ThreadPoolExecutor.runWorker(ThreadPoolExecutor.java:1149)
	at java.util.concurrent.ThreadPoolExecutor$Worker.run(ThreadPoolExecutor.java:624)
	at java.lang.Thread.run(Thread.java:748)
2018-01-17 16:40:04,138 [http-bio-8090-exec-9] ERROR StackTrace  - Full Stack Trace:
grails.validation.ValidationException: Validation Error(s) occurred during save():
- Field error in object 'controllerself.Contact' on field 'phoneNumber': rejected value [ttttt]; codes [controllerself.Contact.phoneNumber.typeMismatch.error,controllerself.Contact.phoneNumber.typeMismatch,contact.phoneNumber.typeMismatch.error,contact.phoneNumber.typeMismatch,typeMismatch.controllerself.Contact.phoneNumber,typeMismatch.phoneNumber,typeMismatch.java.lang.Integer,typeMismatch]; arguments [phoneNumber]; default message [Unable to parse number [ttttt]]

	at controllerself.ContactController$_closure3.doCall(ContactController.groovy:11)
	at grails.plugin.cache.web.filter.PageFragmentCachingFilter.doFilter(PageFragmentCachingFilter.java:198)
	at grails.plugin.cache.web.filter.AbstractFilter.doFilter(AbstractFilter.java:63)
	at java.util.concurrent.ThreadPoolExecutor.runWorker(ThreadPoolExecutor.java:1149)
	at java.util.concurrent.ThreadPoolExecutor$Worker.run(ThreadPoolExecutor.java:624)
	at java.lang.Thread.run(Thread.java:748)
2018-01-17 17:04:03,853 [http-bio-8090-exec-5] ERROR StackTrace  - Full Stack Trace:
grails.validation.ValidationException: Validation Error(s) occurred during save():
- Field error in object 'controllerself.Contact' on field 'phoneNumber': rejected value [null]; codes [controllerself.Contact.phoneNumber.nullable.error.controllerself.Contact.phoneNumber,controllerself.Contact.phoneNumber.nullable.error.phoneNumber,controllerself.Contact.phoneNumber.nullable.error.java.lang.Integer,controllerself.Contact.phoneNumber.nullable.error,contact.phoneNumber.nullable.error.controllerself.Contact.phoneNumber,contact.phoneNumber.nullable.error.phoneNumber,contact.phoneNumber.nullable.error.java.lang.Integer,contact.phoneNumber.nullable.error,controllerself.Contact.phoneNumber.nullable.controllerself.Contact.phoneNumber,controllerself.Contact.phoneNumber.nullable.phoneNumber,controllerself.Contact.phoneNumber.nullable.java.lang.Integer,controllerself.Contact.phoneNumber.nullable,contact.phoneNumber.nullable.controllerself.Contact.phoneNumber,contact.phoneNumber.nullable.phoneNumber,contact.phoneNumber.nullable.java.lang.Integer,contact.phoneNumber.nullable,nullable.controllerself.Contact.phoneNumber,nullable.phoneNumber,nullable.java.lang.Integer,nullable]; arguments [phoneNumber,class controllerself.Contact]; default message [Property [{0}] of class [{1}] cannot be null]

	at org.codehaus.groovy.grails.orm.hibernate.metaclass.AbstractSavePersistentMethod.doInvokeInternal(AbstractSavePersistentMethod.java:190)
	at org.codehaus.groovy.grails.orm.hibernate.metaclass.AbstractDynamicPersistentMethod.invoke(AbstractDynamicPersistentMethod.java:68)
	at org.codehaus.groovy.grails.orm.hibernate.HibernateGormInstanceApi.save(HibernateGormInstanceApi.groovy:195)
	at controllerself.Contact.save(Contact.groovy)
	at controllerself.Contact$save$0.call(Unknown Source)
	at controllerself.ContactController$_closure3.doCall(ContactController.groovy:11)
	at controllerself.ContactController$_closure3.doCall(ContactController.groovy)
	at sun.reflect.NativeMethodAccessorImpl.invoke0(Native Method)
	at sun.reflect.NativeMethodAccessorImpl.invoke(NativeMethodAccessorImpl.java:62)
	at sun.reflect.DelegatingMethodAccessorImpl.invoke(DelegatingMethodAccessorImpl.java:43)
	at java.lang.reflect.Method.invoke(Method.java:498)
	at org.springsource.loaded.ri.ReflectiveInterceptor.jlrMethodInvoke(ReflectiveInterceptor.java:1270)
	at org.codehaus.groovy.reflection.CachedMethod.invoke(CachedMethod.java:90)
	at groovy.lang.MetaMethod.doMethodInvoke(MetaMethod.java:324)
	at groovy.lang.MetaClassImpl.invokeMethod(MetaClassImpl.java:1207)
	at groovy.lang.ExpandoMetaClass.invokeMethod(ExpandoMetaClass.java:1110)
	at groovy.lang.MetaClassImpl.invokeMethod(MetaClassImpl.java:1016)
	at groovy.lang.Closure.call(Closure.java:423)
	at controllerself.ContactController$_closure3.call(ContactController.groovy)
	at groovy.lang.Closure.call(Closure.java:417)
	at controllerself.ContactController$_closure3.call(ContactController.groovy)
	at controllerself.ContactController.save(ContactController.groovy)
	at sun.reflect.NativeMethodAccessorImpl.invoke0(Native Method)
	at sun.reflect.NativeMethodAccessorImpl.invoke(NativeMethodAccessorImpl.java:62)
	at sun.reflect.DelegatingMethodAccessorImpl.invoke(DelegatingMethodAccessorImpl.java:43)
	at java.lang.reflect.Method.invoke(Method.java:498)
	at org.springsource.loaded.ri.ReflectiveInterceptor.jlrMethodInvoke(ReflectiveInterceptor.java:1270)
	at org.codehaus.groovy.grails.web.servlet.mvc.MixedGrailsControllerHelper.invoke(MixedGrailsControllerHelper.java:154)
	at org.codehaus.groovy.grails.web.servlet.mvc.AbstractGrailsControllerHelper.handleAction(AbstractGrailsControllerHelper.java:375)
	at org.codehaus.groovy.grails.web.servlet.mvc.AbstractGrailsControllerHelper.executeAction(AbstractGrailsControllerHelper.java:252)
	at org.codehaus.groovy.grails.web.servlet.mvc.AbstractGrailsControllerHelper.handleURI(AbstractGrailsControllerHelper.java:205)
	at org.codehaus.groovy.grails.web.servlet.mvc.AbstractGrailsControllerHelper.handleURI(AbstractGrailsControllerHelper.java:126)
	at org.codehaus.groovy.grails.web.servlet.mvc.SimpleGrailsController.handleRequest(SimpleGrailsController.java:72)
	at org.springframework.web.servlet.mvc.SimpleControllerHandlerAdapter.handle(SimpleControllerHandlerAdapter.java:50)
	at org.codehaus.groovy.grails.web.servlet.GrailsDispatcherServlet.doDispatch(GrailsDispatcherServlet.java:347)
	at org.springframework.web.servlet.DispatcherServlet.doService(DispatcherServlet.java:870)
	at org.springframework.web.servlet.FrameworkServlet.processRequest(FrameworkServlet.java:961)
	at org.springframework.web.servlet.FrameworkServlet.doPost(FrameworkServlet.java:863)
	at javax.servlet.http.HttpServlet.service(HttpServlet.java:646)
	at org.springframework.web.servlet.FrameworkServlet.service(FrameworkServlet.java:837)
	at javax.servlet.http.HttpServlet.service(HttpServlet.java:727)
	at org.apache.catalina.core.ApplicationFilterChain.internalDoFilter(ApplicationFilterChain.java:303)
	at org.apache.catalina.core.ApplicationFilterChain.doFilter(ApplicationFilterChain.java:208)
	at org.apache.tomcat.websocket.server.WsFilter.doFilter(WsFilter.java:52)
	at org.apache.catalina.core.ApplicationFilterChain.internalDoFilter(ApplicationFilterChain.java:241)
	at org.apache.catalina.core.ApplicationFilterChain.doFilter(ApplicationFilterChain.java:208)
	at grails.plugin.cache.web.filter.PageFragmentCachingFilter.doFilter(PageFragmentCachingFilter.java:198)
	at grails.plugin.cache.web.filter.AbstractFilter.doFilter(AbstractFilter.java:63)
	at org.springframework.web.filter.DelegatingFilterProxy.invokeDelegate(DelegatingFilterProxy.java:344)
	at org.springframework.web.filter.DelegatingFilterProxy.doFilter(DelegatingFilterProxy.java:261)
	at org.apache.catalina.core.ApplicationFilterChain.internalDoFilter(ApplicationFilterChain.java:241)
	at org.apache.catalina.core.ApplicationFilterChain.doFilter(ApplicationFilterChain.java:208)
	at org.springframework.web.filter.OncePerRequestFilter.doFilter(OncePerRequestFilter.java:101)
	at org.apache.catalina.core.ApplicationFilterChain.internalDoFilter(ApplicationFilterChain.java:241)
	at org.apache.catalina.core.ApplicationFilterChain.doFilter(ApplicationFilterChain.java:208)
	at org.springframework.web.filter.OncePerRequestFilter.doFilter(OncePerRequestFilter.java:101)
	at org.apache.catalina.core.ApplicationFilterChain.internalDoFilter(ApplicationFilterChain.java:241)
	at org.apache.catalina.core.ApplicationFilterChain.doFilter(ApplicationFilterChain.java:208)
	at org.springframework.web.filter.OncePerRequestFilter.doFilter(OncePerRequestFilter.java:101)
	at org.apache.catalina.core.ApplicationFilterChain.internalDoFilter(ApplicationFilterChain.java:241)
	at org.apache.catalina.core.ApplicationFilterChain.doFilter(ApplicationFilterChain.java:208)
	at org.apache.catalina.core.ApplicationDispatcher.invoke(ApplicationDispatcher.java:748)
	at org.apache.catalina.core.ApplicationDispatcher.processRequest(ApplicationDispatcher.java:486)
	at org.apache.catalina.core.ApplicationDispatcher.doForward(ApplicationDispatcher.java:411)
	at org.apache.catalina.core.ApplicationDispatcher.forward(ApplicationDispatcher.java:338)
	at org.codehaus.groovy.grails.web.mapping.UrlMappingUtils.forwardRequestForUrlMappingInfo(UrlMappingUtils.java:178)
	at org.codehaus.groovy.grails.web.mapping.UrlMappingUtils.forwardRequestForUrlMappingInfo(UrlMappingUtils.java:144)
	at org.codehaus.groovy.grails.web.mapping.UrlMappingUtils.forwardRequestForUrlMappingInfo(UrlMappingUtils.java:135)
	at org.codehaus.groovy.grails.web.mapping.filter.UrlMappingsFilter.doFilterInternal(UrlMappingsFilter.java:216)
	at org.springframework.web.filter.OncePerRequestFilter.doFilter(OncePerRequestFilter.java:107)
	at org.apache.catalina.core.ApplicationFilterChain.internalDoFilter(ApplicationFilterChain.java:241)
	at org.apache.catalina.core.ApplicationFilterChain.doFilter(ApplicationFilterChain.java:208)
	at org.codehaus.groovy.grails.web.servlet.mvc.GrailsWebRequestFilter.doFilterInternal(GrailsWebRequestFilter.java:69)
	at org.springframework.web.filter.OncePerRequestFilter.doFilter(OncePerRequestFilter.java:107)
	at org.apache.catalina.core.ApplicationFilterChain.internalDoFilter(ApplicationFilterChain.java:241)
	at org.apache.catalina.core.ApplicationFilterChain.doFilter(ApplicationFilterChain.java:208)
	at org.codehaus.groovy.grails.web.filters.HiddenHttpMethodFilter.doFilterInternal(HiddenHttpMethodFilter.java:67)
	at org.springframework.web.filter.OncePerRequestFilter.doFilter(OncePerRequestFilter.java:107)
	at org.apache.catalina.core.ApplicationFilterChain.internalDoFilter(ApplicationFilterChain.java:241)
	at org.apache.catalina.core.ApplicationFilterChain.doFilter(ApplicationFilterChain.java:208)
	at org.springframework.web.filter.CharacterEncodingFilter.doFilterInternal(CharacterEncodingFilter.java:88)
	at org.springframework.web.filter.OncePerRequestFilter.doFilter(OncePerRequestFilter.java:107)
	at org.springframework.web.filter.DelegatingFilterProxy.invokeDelegate(DelegatingFilterProxy.java:344)
	at org.springframework.web.filter.DelegatingFilterProxy.doFilter(DelegatingFilterProxy.java:261)
	at org.apache.catalina.core.ApplicationFilterChain.internalDoFilter(ApplicationFilterChain.java:241)
	at org.apache.catalina.core.ApplicationFilterChain.doFilter(ApplicationFilterChain.java:208)
	at org.apache.catalina.core.StandardWrapperValve.invoke(StandardWrapperValve.java:220)
	at org.apache.catalina.core.StandardContextValve.invoke(StandardContextValve.java:122)
	at org.apache.catalina.core.StandardHostValve.invoke(StandardHostValve.java:171)
	at org.apache.catalina.valves.ErrorReportValve.invoke(ErrorReportValve.java:103)
	at org.apache.catalina.core.StandardEngineValve.invoke(StandardEngineValve.java:116)
	at org.apache.catalina.connector.CoyoteAdapter.service(CoyoteAdapter.java:408)
	at org.apache.coyote.http11.AbstractHttp11Processor.process(AbstractHttp11Processor.java:1070)
	at org.apache.coyote.AbstractProtocol$AbstractConnectionHandler.process(AbstractProtocol.java:611)
	at org.apache.tomcat.util.net.JIoEndpoint$SocketProcessor.run(JIoEndpoint.java:316)
	at java.util.concurrent.ThreadPoolExecutor.runWorker(ThreadPoolExecutor.java:1149)
	at java.util.concurrent.ThreadPoolExecutor$Worker.run(ThreadPoolExecutor.java:624)
	at org.apache.tomcat.util.threads.TaskThread$WrappingRunnable.run(TaskThread.java:61)
	at java.lang.Thread.run(Thread.java:748)
2018-01-17 17:04:03,855 [http-bio-8090-exec-5] ERROR StackTrace  - Full Stack Trace:
grails.validation.ValidationException: Validation Error(s) occurred during save():
- Field error in object 'controllerself.Contact' on field 'phoneNumber': rejected value [null]; codes [controllerself.Contact.phoneNumber.nullable.error.controllerself.Contact.phoneNumber,controllerself.Contact.phoneNumber.nullable.error.phoneNumber,controllerself.Contact.phoneNumber.nullable.error.java.lang.Integer,controllerself.Contact.phoneNumber.nullable.error,contact.phoneNumber.nullable.error.controllerself.Contact.phoneNumber,contact.phoneNumber.nullable.error.phoneNumber,contact.phoneNumber.nullable.error.java.lang.Integer,contact.phoneNumber.nullable.error,controllerself.Contact.phoneNumber.nullable.controllerself.Contact.phoneNumber,controllerself.Contact.phoneNumber.nullable.phoneNumber,controllerself.Contact.phoneNumber.nullable.java.lang.Integer,controllerself.Contact.phoneNumber.nullable,contact.phoneNumber.nullable.controllerself.Contact.phoneNumber,contact.phoneNumber.nullable.phoneNumber,contact.phoneNumber.nullable.java.lang.Integer,contact.phoneNumber.nullable,nullable.controllerself.Contact.phoneNumber,nullable.phoneNumber,nullable.java.lang.Integer,nullable]; arguments [phoneNumber,class controllerself.Contact]; default message [Property [{0}] of class [{1}] cannot be null]

	at controllerself.ContactController$_closure3.doCall(ContactController.groovy:11)
	at grails.plugin.cache.web.filter.PageFragmentCachingFilter.doFilter(PageFragmentCachingFilter.java:198)
	at grails.plugin.cache.web.filter.AbstractFilter.doFilter(AbstractFilter.java:63)
	at java.util.concurrent.ThreadPoolExecutor.runWorker(ThreadPoolExecutor.java:1149)
	at java.util.concurrent.ThreadPoolExecutor$Worker.run(ThreadPoolExecutor.java:624)
	at java.lang.Thread.run(Thread.java:748)
2018-01-17 17:04:04,715 [http-bio-8090-exec-5] ERROR StackTrace  - Full Stack Trace:
grails.validation.ValidationException: Validation Error(s) occurred during save():
- Field error in object 'controllerself.Contact' on field 'phoneNumber': rejected value [null]; codes [controllerself.Contact.phoneNumber.nullable.error.controllerself.Contact.phoneNumber,controllerself.Contact.phoneNumber.nullable.error.phoneNumber,controllerself.Contact.phoneNumber.nullable.error.java.lang.Integer,controllerself.Contact.phoneNumber.nullable.error,contact.phoneNumber.nullable.error.controllerself.Contact.phoneNumber,contact.phoneNumber.nullable.error.phoneNumber,contact.phoneNumber.nullable.error.java.lang.Integer,contact.phoneNumber.nullable.error,controllerself.Contact.phoneNumber.nullable.controllerself.Contact.phoneNumber,controllerself.Contact.phoneNumber.nullable.phoneNumber,controllerself.Contact.phoneNumber.nullable.java.lang.Integer,controllerself.Contact.phoneNumber.nullable,contact.phoneNumber.nullable.controllerself.Contact.phoneNumber,contact.phoneNumber.nullable.phoneNumber,contact.phoneNumber.nullable.java.lang.Integer,contact.phoneNumber.nullable,nullable.controllerself.Contact.phoneNumber,nullable.phoneNumber,nullable.java.lang.Integer,nullable]; arguments [phoneNumber,class controllerself.Contact]; default message [Property [{0}] of class [{1}] cannot be null]

	at controllerself.ContactController$_closure3.doCall(ContactController.groovy:11)
	at grails.plugin.cache.web.filter.PageFragmentCachingFilter.doFilter(PageFragmentCachingFilter.java:198)
	at grails.plugin.cache.web.filter.AbstractFilter.doFilter(AbstractFilter.java:63)
	at java.util.concurrent.ThreadPoolExecutor.runWorker(ThreadPoolExecutor.java:1149)
	at java.util.concurrent.ThreadPoolExecutor$Worker.run(ThreadPoolExecutor.java:624)
	at java.lang.Thread.run(Thread.java:748)
2018-01-17 17:04:04,715 [http-bio-8090-exec-5] ERROR StackTrace  - Full Stack Trace:
grails.validation.ValidationException: Validation Error(s) occurred during save():
- Field error in object 'controllerself.Contact' on field 'phoneNumber': rejected value [null]; codes [controllerself.Contact.phoneNumber.nullable.error.controllerself.Contact.phoneNumber,controllerself.Contact.phoneNumber.nullable.error.phoneNumber,controllerself.Contact.phoneNumber.nullable.error.java.lang.Integer,controllerself.Contact.phoneNumber.nullable.error,contact.phoneNumber.nullable.error.controllerself.Contact.phoneNumber,contact.phoneNumber.nullable.error.phoneNumber,contact.phoneNumber.nullable.error.java.lang.Integer,contact.phoneNumber.nullable.error,controllerself.Contact.phoneNumber.nullable.controllerself.Contact.phoneNumber,controllerself.Contact.phoneNumber.nullable.phoneNumber,controllerself.Contact.phoneNumber.nullable.java.lang.Integer,controllerself.Contact.phoneNumber.nullable,contact.phoneNumber.nullable.controllerself.Contact.phoneNumber,contact.phoneNumber.nullable.phoneNumber,contact.phoneNumber.nullable.java.lang.Integer,contact.phoneNumber.nullable,nullable.controllerself.Contact.phoneNumber,nullable.phoneNumber,nullable.java.lang.Integer,nullable]; arguments [phoneNumber,class controllerself.Contact]; default message [Property [{0}] of class [{1}] cannot be null]

	at controllerself.ContactController$_closure3.doCall(ContactController.groovy:11)
	at grails.plugin.cache.web.filter.PageFragmentCachingFilter.doFilter(PageFragmentCachingFilter.java:198)
	at grails.plugin.cache.web.filter.AbstractFilter.doFilter(AbstractFilter.java:63)
	at java.util.concurrent.ThreadPoolExecutor.runWorker(ThreadPoolExecutor.java:1149)
	at java.util.concurrent.ThreadPoolExecutor$Worker.run(ThreadPoolExecutor.java:624)
	at java.lang.Thread.run(Thread.java:748)
2018-01-17 17:04:04,716 [http-bio-8090-exec-5] ERROR StackTrace  - Full Stack Trace:
grails.validation.ValidationException: Validation Error(s) occurred during save():
- Field error in object 'controllerself.Contact' on field 'phoneNumber': rejected value [null]; codes [controllerself.Contact.phoneNumber.nullable.error.controllerself.Contact.phoneNumber,controllerself.Contact.phoneNumber.nullable.error.phoneNumber,controllerself.Contact.phoneNumber.nullable.error.java.lang.Integer,controllerself.Contact.phoneNumber.nullable.error,contact.phoneNumber.nullable.error.controllerself.Contact.phoneNumber,contact.phoneNumber.nullable.error.phoneNumber,contact.phoneNumber.nullable.error.java.lang.Integer,contact.phoneNumber.nullable.error,controllerself.Contact.phoneNumber.nullable.controllerself.Contact.phoneNumber,controllerself.Contact.phoneNumber.nullable.phoneNumber,controllerself.Contact.phoneNumber.nullable.java.lang.Integer,controllerself.Contact.phoneNumber.nullable,contact.phoneNumber.nullable.controllerself.Contact.phoneNumber,contact.phoneNumber.nullable.phoneNumber,contact.phoneNumber.nullable.java.lang.Integer,contact.phoneNumber.nullable,nullable.controllerself.Contact.phoneNumber,nullable.phoneNumber,nullable.java.lang.Integer,nullable]; arguments [phoneNumber,class controllerself.Contact]; default message [Property [{0}] of class [{1}] cannot be null]

	at controllerself.ContactController$_closure3.doCall(ContactController.groovy:11)
	at grails.plugin.cache.web.filter.PageFragmentCachingFilter.doFilter(PageFragmentCachingFilter.java:198)
	at grails.plugin.cache.web.filter.AbstractFilter.doFilter(AbstractFilter.java:63)
	at java.util.concurrent.ThreadPoolExecutor.runWorker(ThreadPoolExecutor.java:1149)
	at java.util.concurrent.ThreadPoolExecutor$Worker.run(ThreadPoolExecutor.java:624)
	at java.lang.Thread.run(Thread.java:748)
2018-01-17 17:04:04,716 [http-bio-8090-exec-5] ERROR StackTrace  - Full Stack Trace:
grails.validation.ValidationException: Validation Error(s) occurred during save():
- Field error in object 'controllerself.Contact' on field 'phoneNumber': rejected value [null]; codes [controllerself.Contact.phoneNumber.nullable.error.controllerself.Contact.phoneNumber,controllerself.Contact.phoneNumber.nullable.error.phoneNumber,controllerself.Contact.phoneNumber.nullable.error.java.lang.Integer,controllerself.Contact.phoneNumber.nullable.error,contact.phoneNumber.nullable.error.controllerself.Contact.phoneNumber,contact.phoneNumber.nullable.error.phoneNumber,contact.phoneNumber.nullable.error.java.lang.Integer,contact.phoneNumber.nullable.error,controllerself.Contact.phoneNumber.nullable.controllerself.Contact.phoneNumber,controllerself.Contact.phoneNumber.nullable.phoneNumber,controllerself.Contact.phoneNumber.nullable.java.lang.Integer,controllerself.Contact.phoneNumber.nullable,contact.phoneNumber.nullable.controllerself.Contact.phoneNumber,contact.phoneNumber.nullable.phoneNumber,contact.phoneNumber.nullable.java.lang.Integer,contact.phoneNumber.nullable,nullable.controllerself.Contact.phoneNumber,nullable.phoneNumber,nullable.java.lang.Integer,nullable]; arguments [phoneNumber,class controllerself.Contact]; default message [Property [{0}] of class [{1}] cannot be null]

	at controllerself.ContactController$_closure3.doCall(ContactController.groovy:11)
	at grails.plugin.cache.web.filter.PageFragmentCachingFilter.doFilter(PageFragmentCachingFilter.java:198)
	at grails.plugin.cache.web.filter.AbstractFilter.doFilter(AbstractFilter.java:63)
	at java.util.concurrent.ThreadPoolExecutor.runWorker(ThreadPoolExecutor.java:1149)
	at java.util.concurrent.ThreadPoolExecutor$Worker.run(ThreadPoolExecutor.java:624)
	at java.lang.Thread.run(Thread.java:748)
2018-01-17 17:20:40,321 [FileSystemWatcher: files=#2 cl=groovy.lang.GroovyClassLoader@55742525] ERROR StackTrace  - Full Stack Trace:
groovy.lang.GroovyRuntimeException: Ambiguous method overloading for method grails.spring.BeanBuilder#registerBeans.
Cannot resolve which method to invoke for [null] due to overlapping prototypes between:
	[interface org.codehaus.groovy.grails.commons.spring.RuntimeSpringConfiguration]
	[interface org.springframework.beans.factory.support.BeanDefinitionRegistry]
	at groovy.lang.MetaClassImpl.chooseMostSpecificParams(MetaClassImpl.java:3202)
	at groovy.lang.MetaClassImpl.chooseMethodInternal(MetaClassImpl.java:3154)
	at groovy.lang.MetaClassImpl.chooseMethod(MetaClassImpl.java:3097)
	at groovy.lang.MetaClassImpl.getMethodWithCachingInternal(MetaClassImpl.java:1325)
	at groovy.lang.MetaClassImpl.createPogoCallSite(MetaClassImpl.java:3358)
	at groovy.lang.ExpandoMetaClass.createPogoCallSite(ExpandoMetaClass.java:1299)
	at org.codehaus.groovy.runtime.callsite.CallSiteArray.createPogoSite(CallSiteArray.java:147)
	at org.codehaus.groovy.runtime.callsite.CallSiteArray.createCallSite(CallSiteArray.java:161)
	at org.codehaus.groovy.runtime.callsite.CallSiteArray.defaultCall(CallSiteArray.java:45)
	at org.codehaus.groovy.runtime.callsite.AbstractCallSite.call(AbstractCallSite.java:108)
	at org.codehaus.groovy.runtime.callsite.AbstractCallSite.call(AbstractCallSite.java:116)
	at org.codehaus.groovy.grails.plugins.DomainClassGrailsPlugin$_closure3.doCall(DomainClassGrailsPlugin.groovy:156)
	at sun.reflect.NativeMethodAccessorImpl.invoke0(Native Method)
	at sun.reflect.NativeMethodAccessorImpl.invoke(NativeMethodAccessorImpl.java:62)
	at sun.reflect.DelegatingMethodAccessorImpl.invoke(DelegatingMethodAccessorImpl.java:43)
	at java.lang.reflect.Method.invoke(Method.java:498)
	at org.springsource.loaded.ri.ReflectiveInterceptor.jlrMethodInvoke(ReflectiveInterceptor.java:1276)
	at org.codehaus.groovy.reflection.CachedMethod.invoke(CachedMethod.java:90)
	at groovy.lang.MetaMethod.doMethodInvoke(MetaMethod.java:324)
	at groovy.lang.MetaClassImpl.invokeMethod(MetaClassImpl.java:1207)
	at groovy.lang.ExpandoMetaClass.invokeMethod(ExpandoMetaClass.java:1110)
	at groovy.lang.MetaClassImpl.invokeMethod(MetaClassImpl.java:1016)
	at groovy.lang.Closure.call(Closure.java:423)
	at org.codehaus.groovy.grails.plugins.DefaultGrailsPlugin.invokeOnChangeListener(DefaultGrailsPlugin.java:767)
	at org.codehaus.groovy.grails.plugins.DefaultGrailsPlugin.notifyOfEvent(DefaultGrailsPlugin.java:716)
	at org.codehaus.groovy.grails.plugins.DefaultGrailsPlugin.notifyOfEvent(DefaultGrailsPlugin.java:731)
	at org.codehaus.groovy.grails.plugins.AbstractGrailsPluginManager.informOfClassChange(AbstractGrailsPluginManager.java:408)
	at org.codehaus.groovy.grails.project.compiler.GrailsProjectWatcher$2.run(GrailsProjectWatcher.java:246)
	at org.codehaus.groovy.grails.project.compiler.GrailsProjectWatcher.firePendingClassChangeEvents(GrailsProjectWatcher.java:107)
	at org.codehaus.groovy.grails.cli.agent.GrailsPluginManagerReloadPlugin.reloadEvent(GrailsPluginManagerReloadPlugin.java:42)
	at org.springsource.loaded.TypeRegistry.fireReloadEvent(TypeRegistry.java:1794)
	at org.springsource.loaded.ReloadableType.loadNewVersion(ReloadableType.java:417)
	at org.springsource.loaded.TypeRegistry.loadNewVersion(TypeRegistry.java:845)
	at org.springsource.loaded.agent.ReloadableFileChangeListener.fileChanged(ReloadableFileChangeListener.java:51)
	at org.springsource.loaded.agent.Watcher.determineChangesSince(FileSystemWatcher.java:235)
	at org.springsource.loaded.agent.Watcher.run(FileSystemWatcher.java:219)
	at java.lang.Thread.run(Thread.java:748)
2018-01-17 17:20:40,331 [FileSystemWatcher: files=#2 cl=groovy.lang.GroovyClassLoader@55742525] ERROR StackTrace  - Full Stack Trace:
groovy.lang.GroovyRuntimeException: Ambiguous method overloading for method grails.spring.BeanBuilder#registerBeans.
Cannot resolve which method to invoke for [null] due to overlapping prototypes between:
	[interface org.codehaus.groovy.grails.commons.spring.RuntimeSpringConfiguration]
	[interface org.springframework.beans.factory.support.BeanDefinitionRegistry]
	at java.lang.Thread.run(Thread.java:748)
2018-01-17 17:20:40,338 [FileSystemWatcher: files=#2 cl=groovy.lang.GroovyClassLoader@55742525] ERROR StackTrace  - Full Stack Trace:
groovy.lang.GroovyRuntimeException: Ambiguous method overloading for method grails.spring.BeanBuilder#registerBeans.
Cannot resolve which method to invoke for [null] due to overlapping prototypes between:
	[interface org.codehaus.groovy.grails.commons.spring.RuntimeSpringConfiguration]
	[interface org.springframework.beans.factory.support.BeanDefinitionRegistry]
	at java.lang.Thread.run(Thread.java:748)
2018-01-17 17:20:40,338 [FileSystemWatcher: files=#2 cl=groovy.lang.GroovyClassLoader@55742525] ERROR StackTrace  - Full Stack Trace:
groovy.lang.GroovyRuntimeException: Ambiguous method overloading for method grails.spring.BeanBuilder#registerBeans.
Cannot resolve which method to invoke for [null] due to overlapping prototypes between:
	[interface org.codehaus.groovy.grails.commons.spring.RuntimeSpringConfiguration]
	[interface org.springframework.beans.factory.support.BeanDefinitionRegistry]
	at java.lang.Thread.run(Thread.java:748)
